0 info it worked if it ends with ok
1 verbose cli [ '/opt/nodejs/bin/node', '/opt/nodejs/bin/npm', 'start' ]
2 info using npm@3.8.6
3 info using node@v6.0.0
4 verbose run-script [ 'prestart', 'start', 'poststart' ]
5 info lifecycle feedApp@0.0.1~prestart: feedApp@0.0.1
6 silly lifecycle feedApp@0.0.1~prestart: no script for prestart, continuing
7 info lifecycle feedApp@0.0.1~start: feedApp@0.0.1
8 verbose lifecycle feedApp@0.0.1~start: unsafe-perm in lifecycle true
9 verbose lifecycle feedApp@0.0.1~start: PATH: /opt/nodejs/lib/node_modules/npm/bin/node-gyp-bin:/home/uqutub/Documents/Docx/Projects/superwire/node_modules/.bin:/opt/nodejs/bin:/home/uqutub/anaconda3/bin:/usr/local/heroku/bin:/usr/local/sbin:/usr/local/bin:/usr/sbin:/usr/bin:/sbin:/bin:/usr/games:/usr/local/games:/opt/nodejs/bin:/snap/bin:/usr/lib/jvm/java-8-oracle/bin:/usr/lib/jvm/java-8-oracle/db/bin:/usr/lib/jvm/java-8-oracle/jre/bin
10 verbose lifecycle feedApp@0.0.1~start: CWD: /home/uqutub/Documents/Docx/Projects/superwire
11 silly lifecycle feedApp@0.0.1~start: Args: [ '-c', 'gulp' ]
12 silly lifecycle feedApp@0.0.1~start: Returned: code: 1  signal: null
13 info lifecycle feedApp@0.0.1~start: Failed to exec start script
14 verbose stack Error: feedApp@0.0.1 start: `gulp`
14 verbose stack Exit status 1
14 verbose stack     at EventEmitter.<anonymous> (/opt/nodejs/lib/node_modules/npm/lib/utils/lifecycle.js:239:16)
14 verbose stack     at emitTwo (events.js:106:13)
14 verbose stack     at EventEmitter.emit (events.js:191:7)
14 verbose stack     at ChildProcess.<anonymous> (/opt/nodejs/lib/node_modules/npm/lib/utils/spawn.js:24:14)
14 verbose stack     at emitTwo (events.js:106:13)
14 verbose stack     at ChildProcess.emit (events.js:191:7)
14 verbose stack     at maybeClose (internal/child_process.js:850:16)
14 verbose stack     at Process.ChildProcess._handle.onexit (internal/child_process.js:215:5)
15 verbose pkgid feedApp@0.0.1
16 verbose cwd /home/uqutub/Documents/Docx/Projects/superwire
17 error Linux 4.4.0-34-generic
18 error argv "/opt/nodejs/bin/node" "/opt/nodejs/bin/npm" "start"
19 error node v6.0.0
20 error npm  v3.8.6
21 error code ELIFECYCLE
22 error feedApp@0.0.1 start: `gulp`
22 error Exit status 1
23 error Failed at the feedApp@0.0.1 start script 'gulp'.
23 error Make sure you have the latest version of node.js and npm installed.
23 error If you do, this is most likely a problem with the feedApp package,
23 error not with npm itself.
23 error Tell the author that this fails on your system:
23 error     gulp
23 error You can get information on how to open an issue for this project with:
23 error     npm bugs feedApp
23 error Or if that isn't available, you can get their info via:
23 error     npm owner ls feedApp
23 error There is likely additional logging output above.
24 verbose exit [ 1, true ]
